<?xml version="1.0" encoding="UTF-8"?>
<testsuite xmlns:xsi="http://www.w3.org/2001/XMLSchema-instance" xsi:noNamespaceSchemaLocation="https://maven.apache.org/surefire/maven-surefire-plugin/xsd/surefire-test-report.xsd" name="com.gnete.springboot.demo.AppTest" time="0.086" tests="1" errors="0" skipped="0" failures="0">
  <properties>
    <property name="sun.desktop" value="windows"/>
    <property name="awt.toolkit" value="sun.awt.windows.WToolkit"/>
    <property name="file.encoding.pkg" value="sun.io"/>
    <property name="java.specification.version" value="1.8"/>
    <property name="sun.cpu.isalist" value="amd64"/>
    <property name="sun.jnu.encoding" value="GBK"/>
    <property name="java.class.path" value="E:\Users\Administrator\workspaces\eclipse_ws\spring-boot-demo\target\test-classes;E:\Users\Administrator\workspaces\eclipse_ws\spring-boot-demo\target\classes;E:\maven3\repo\org\springframework\boot\spring-boot-starter\2.0.4.RELEASE\spring-boot-starter-2.0.4.RELEASE.jar;E:\maven3\repo\org\springframework\boot\spring-boot\2.0.4.RELEASE\spring-boot-2.0.4.RELEASE.jar;E:\maven3\repo\org\springframework\spring-context\5.0.8.RELEASE\spring-context-5.0.8.RELEASE.jar;E:\maven3\repo\org\springframework\spring-aop\5.0.8.RELEASE\spring-aop-5.0.8.RELEASE.jar;E:\maven3\repo\org\springframework\spring-beans\5.0.8.RELEASE\spring-beans-5.0.8.RELEASE.jar;E:\maven3\repo\org\springframework\spring-expression\5.0.8.RELEASE\spring-expression-5.0.8.RELEASE.jar;E:\maven3\repo\org\springframework\boot\spring-boot-autoconfigure\2.0.4.RELEASE\spring-boot-autoconfigure-2.0.4.RELEASE.jar;E:\maven3\repo\org\springframework\boot\spring-boot-starter-logging\2.0.4.RELEASE\spring-boot-starter-logging-2.0.4.RELEASE.jar;E:\maven3\repo\ch\qos\logback\logback-classic\1.2.3\logback-classic-1.2.3.jar;E:\maven3\repo\ch\qos\logback\logback-core\1.2.3\logback-core-1.2.3.jar;E:\maven3\repo\org\apache\logging\log4j\log4j-to-slf4j\2.10.0\log4j-to-slf4j-2.10.0.jar;E:\maven3\repo\org\apache\logging\log4j\log4j-api\2.10.0\log4j-api-2.10.0.jar;E:\maven3\repo\org\slf4j\jul-to-slf4j\1.7.25\jul-to-slf4j-1.7.25.jar;E:\maven3\repo\javax\annotation\javax.annotation-api\1.3.2\javax.annotation-api-1.3.2.jar;E:\maven3\repo\org\springframework\spring-core\5.0.8.RELEASE\spring-core-5.0.8.RELEASE.jar;E:\maven3\repo\org\springframework\spring-jcl\5.0.8.RELEASE\spring-jcl-5.0.8.RELEASE.jar;E:\maven3\repo\org\yaml\snakeyaml\1.19\snakeyaml-1.19.jar;E:\maven3\repo\org\springframework\boot\spring-boot-starter-test\2.0.4.RELEASE\spring-boot-starter-test-2.0.4.RELEASE.jar;E:\maven3\repo\org\springframework\boot\spring-boot-test\2.0.4.RELEASE\spring-boot-test-2.0.4.RELEASE.jar;E:\maven3\repo\org\springframework\boot\spring-boot-test-autoconfigure\2.0.4.RELEASE\spring-boot-test-autoconfigure-2.0.4.RELEASE.jar;E:\maven3\repo\com\jayway\jsonpath\json-path\2.4.0\json-path-2.4.0.jar;E:\maven3\repo\net\minidev\json-smart\2.3\json-smart-2.3.jar;E:\maven3\repo\net\minidev\accessors-smart\1.2\accessors-smart-1.2.jar;E:\maven3\repo\org\ow2\asm\asm\5.0.4\asm-5.0.4.jar;E:\maven3\repo\org\slf4j\slf4j-api\1.7.25\slf4j-api-1.7.25.jar;E:\maven3\repo\junit\junit\4.12\junit-4.12.jar;E:\maven3\repo\org\assertj\assertj-core\3.9.1\assertj-core-3.9.1.jar;E:\maven3\repo\org\mockito\mockito-core\2.15.0\mockito-core-2.15.0.jar;E:\maven3\repo\net\bytebuddy\byte-buddy\1.7.11\byte-buddy-1.7.11.jar;E:\maven3\repo\net\bytebuddy\byte-buddy-agent\1.7.11\byte-buddy-agent-1.7.11.jar;E:\maven3\repo\org\objenesis\objenesis\2.6\objenesis-2.6.jar;E:\maven3\repo\org\hamcrest\hamcrest-core\1.3\hamcrest-core-1.3.jar;E:\maven3\repo\org\hamcrest\hamcrest-library\1.3\hamcrest-library-1.3.jar;E:\maven3\repo\org\skyscreamer\jsonassert\1.5.0\jsonassert-1.5.0.jar;E:\maven3\repo\com\vaadin\external\google\android-json\0.0.20131108.vaadin1\android-json-0.0.20131108.vaadin1.jar;E:\maven3\repo\org\springframework\spring-test\5.0.8.RELEASE\spring-test-5.0.8.RELEASE.jar;E:\maven3\repo\org\xmlunit\xmlunit-core\2.5.1\xmlunit-core-2.5.1.jar;"/>
    <property name="java.vm.vendor" value="Oracle Corporation"/>
    <property name="sun.arch.data.model" value="64"/>
    <property name="user.variant" value=""/>
    <property name="java.vendor.url" value="http://java.oracle.com/"/>
    <property name="user.timezone" value=""/>
    <property name="java.vm.specification.version" value="1.8"/>
    <property name="os.name" value="Windows 10"/>
    <property name="user.country" value="CN"/>
    <property name="sun.java.launcher" value="SUN_STANDARD"/>
    <property name="sun.boot.library.path" value="D:\ProgramFiles\Java\jdk1.8.0_101\jre\bin"/>
    <property name="sun.java.command" value="C:\Users\hong\AppData\Local\Temp\surefire5313837880700096970\surefirebooter5926574584506931076.jar C:\Users\hong\AppData\Local\Temp\surefire5313837880700096970 2018-08-08T11-34-08_677-jvmRun1 surefire5797851540210901689tmp surefire_0528242902515135514tmp"/>
    <property name="surefire.test.class.path" value="E:\Users\Administrator\workspaces\eclipse_ws\spring-boot-demo\target\test-classes;E:\Users\Administrator\workspaces\eclipse_ws\spring-boot-demo\target\classes;E:\maven3\repo\org\springframework\boot\spring-boot-starter\2.0.4.RELEASE\spring-boot-starter-2.0.4.RELEASE.jar;E:\maven3\repo\org\springframework\boot\spring-boot\2.0.4.RELEASE\spring-boot-2.0.4.RELEASE.jar;E:\maven3\repo\org\springframework\spring-context\5.0.8.RELEASE\spring-context-5.0.8.RELEASE.jar;E:\maven3\repo\org\springframework\spring-aop\5.0.8.RELEASE\spring-aop-5.0.8.RELEASE.jar;E:\maven3\repo\org\springframework\spring-beans\5.0.8.RELEASE\spring-beans-5.0.8.RELEASE.jar;E:\maven3\repo\org\springframework\spring-expression\5.0.8.RELEASE\spring-expression-5.0.8.RELEASE.jar;E:\maven3\repo\org\springframework\boot\spring-boot-autoconfigure\2.0.4.RELEASE\spring-boot-autoconfigure-2.0.4.RELEASE.jar;E:\maven3\repo\org\springframework\boot\spring-boot-starter-logging\2.0.4.RELEASE\spring-boot-starter-logging-2.0.4.RELEASE.jar;E:\maven3\repo\ch\qos\logback\logback-classic\1.2.3\logback-classic-1.2.3.jar;E:\maven3\repo\ch\qos\logback\logback-core\1.2.3\logback-core-1.2.3.jar;E:\maven3\repo\org\apache\logging\log4j\log4j-to-slf4j\2.10.0\log4j-to-slf4j-2.10.0.jar;E:\maven3\repo\org\apache\logging\log4j\log4j-api\2.10.0\log4j-api-2.10.0.jar;E:\maven3\repo\org\slf4j\jul-to-slf4j\1.7.25\jul-to-slf4j-1.7.25.jar;E:\maven3\repo\javax\annotation\javax.annotation-api\1.3.2\javax.annotation-api-1.3.2.jar;E:\maven3\repo\org\springframework\spring-core\5.0.8.RELEASE\spring-core-5.0.8.RELEASE.jar;E:\maven3\repo\org\springframework\spring-jcl\5.0.8.RELEASE\spring-jcl-5.0.8.RELEASE.jar;E:\maven3\repo\org\yaml\snakeyaml\1.19\snakeyaml-1.19.jar;E:\maven3\repo\org\springframework\boot\spring-boot-starter-test\2.0.4.RELEASE\spring-boot-starter-test-2.0.4.RELEASE.jar;E:\maven3\repo\org\springframework\boot\spring-boot-test\2.0.4.RELEASE\spring-boot-test-2.0.4.RELEASE.jar;E:\maven3\repo\org\springframework\boot\spring-boot-test-autoconfigure\2.0.4.RELEASE\spring-boot-test-autoconfigure-2.0.4.RELEASE.jar;E:\maven3\repo\com\jayway\jsonpath\json-path\2.4.0\json-path-2.4.0.jar;E:\maven3\repo\net\minidev\json-smart\2.3\json-smart-2.3.jar;E:\maven3\repo\net\minidev\accessors-smart\1.2\accessors-smart-1.2.jar;E:\maven3\repo\org\ow2\asm\asm\5.0.4\asm-5.0.4.jar;E:\maven3\repo\org\slf4j\slf4j-api\1.7.25\slf4j-api-1.7.25.jar;E:\maven3\repo\junit\junit\4.12\junit-4.12.jar;E:\maven3\repo\org\assertj\assertj-core\3.9.1\assertj-core-3.9.1.jar;E:\maven3\repo\org\mockito\mockito-core\2.15.0\mockito-core-2.15.0.jar;E:\maven3\repo\net\bytebuddy\byte-buddy\1.7.11\byte-buddy-1.7.11.jar;E:\maven3\repo\net\bytebuddy\byte-buddy-agent\1.7.11\byte-buddy-agent-1.7.11.jar;E:\maven3\repo\org\objenesis\objenesis\2.6\objenesis-2.6.jar;E:\maven3\repo\org\hamcrest\hamcrest-core\1.3\hamcrest-core-1.3.jar;E:\maven3\repo\org\hamcrest\hamcrest-library\1.3\hamcrest-library-1.3.jar;E:\maven3\repo\org\skyscreamer\jsonassert\1.5.0\jsonassert-1.5.0.jar;E:\maven3\repo\com\vaadin\external\google\android-json\0.0.20131108.vaadin1\android-json-0.0.20131108.vaadin1.jar;E:\maven3\repo\org\springframework\spring-test\5.0.8.RELEASE\spring-test-5.0.8.RELEASE.jar;E:\maven3\repo\org\xmlunit\xmlunit-core\2.5.1\xmlunit-core-2.5.1.jar;"/>
    <property name="sun.cpu.endian" value="little"/>
    <property name="user.home" value="C:\Users\hong"/>
    <property name="user.language" value="zh"/>
    <property name="java.specification.vendor" value="Oracle Corporation"/>
    <property name="java.home" value="D:\ProgramFiles\Java\jdk1.8.0_101\jre"/>
    <property name="basedir" value="E:\Users\Administrator\workspaces\eclipse_ws\spring-boot-demo"/>
    <property name="file.separator" value="\"/>
    <property name="line.separator" value="&#10;"/>
    <property name="java.vm.specification.vendor" value="Oracle Corporation"/>
    <property name="java.specification.name" value="Java Platform API Specification"/>
    <property name="java.awt.graphicsenv" value="sun.awt.Win32GraphicsEnvironment"/>
    <property name="surefire.real.class.path" value="C:\Users\hong\AppData\Local\Temp\surefire5313837880700096970\surefirebooter5926574584506931076.jar"/>
    <property name="sun.boot.class.path" value="D:\ProgramFiles\Java\jdk1.8.0_101\jre\lib\resources.jar;D:\ProgramFiles\Java\jdk1.8.0_101\jre\lib\rt.jar;D:\ProgramFiles\Java\jdk1.8.0_101\jre\lib\sunrsasign.jar;D:\ProgramFiles\Java\jdk1.8.0_101\jre\lib\jsse.jar;D:\ProgramFiles\Java\jdk1.8.0_101\jre\lib\jce.jar;D:\ProgramFiles\Java\jdk1.8.0_101\jre\lib\charsets.jar;D:\ProgramFiles\Java\jdk1.8.0_101\jre\lib\jfr.jar;D:\ProgramFiles\Java\jdk1.8.0_101\jre\classes"/>
    <property name="user.script" value=""/>
    <property name="sun.management.compiler" value="HotSpot 64-Bit Tiered Compilers"/>
    <property name="java.runtime.version" value="1.8.0_101-b13"/>
    <property name="user.name" value="hong"/>
    <property name="path.separator" value=";"/>
    <property name="os.version" value="10.0"/>
    <property name="java.endorsed.dirs" value="D:\ProgramFiles\Java\jdk1.8.0_101\jre\lib\endorsed"/>
    <property name="java.runtime.name" value="Java(TM) SE Runtime Environment"/>
    <property name="file.encoding" value="GBK"/>
    <property name="java.vm.name" value="Java HotSpot(TM) 64-Bit Server VM"/>
    <property name="localRepository" value="E:\maven3\repo"/>
    <property name="java.vendor.url.bug" value="http://bugreport.sun.com/bugreport/"/>
    <property name="java.io.tmpdir" value="C:\Users\hong\AppData\Local\Temp\"/>
    <property name="java.version" value="1.8.0_101"/>
    <property name="user.dir" value="E:\Users\Administrator\workspaces\eclipse_ws\spring-boot-demo"/>
    <property name="os.arch" value="amd64"/>
    <property name="java.vm.specification.name" value="Java Virtual Machine Specification"/>
    <property name="java.awt.printerjob" value="sun.awt.windows.WPrinterJob"/>
    <property name="sun.os.patch.level" value=""/>
    <property name="java.library.path" value="D:\ProgramFiles\Java\jdk1.8.0_101\jre\bin;C:\WINDOWS\Sun\Java\bin;C:\WINDOWS\system32;C:\WINDOWS;C:\Program Files (x86)\Intel\iCLS Client\;C:\Program Files\Intel\iCLS Client\;C:\WINDOWS\system32;C:\WINDOWS;C:\WINDOWS\System32\Wbem;C:\WINDOWS\System32\WindowsPowerShell\v1.0\;C:\Program Files (x86)\Intel\Intel(R) Management Engine Components\DAL;C:\Program Files\Intel\Intel(R) Management Engine Components\DAL;C:\Program Files (x86)\Intel\Intel(R) Management Engine Components\IPT;C:\Program Files\Intel\Intel(R) Management Engine Components\IPT;D:\program\apache-maven-3.3.9\bin\;D:\ProgramFiles\Java\jdk1.8.0_101\bin;D:\Program Files\TortoiseSVN\bin;D:\ProgramFiles\apache-tomcat-7.0.67\lib;D:\ProgramFiles\apache-tomcat-7.0.67\bin;C:\Program Files\Intel\WiFi\bin\;C:\Program Files\Common Files\Intel\WirelessCommon\;C:\Program Files (x86)\MySQL\MySQL Server 5.6\bin;C:\WINDOWS\System32\OpenSSH\;D:\Go\bin;D:\ProgramFiles\Git\cmd;C:\Users\hong\AppData\Local\Microsoft\WindowsApps;C:\Users\hong\go\bin;."/>
    <property name="java.vm.info" value="mixed mode"/>
    <property name="java.vendor" value="Oracle Corporation"/>
    <property name="java.vm.version" value="25.101-b13"/>
    <property name="java.ext.dirs" value="D:\ProgramFiles\Java\jdk1.8.0_101\jre\lib\ext;C:\WINDOWS\Sun\Java\lib\ext"/>
    <property name="sun.io.unicode.encoding" value="UnicodeLittle"/>
    <property name="java.class.version" value="52.0"/>
  </properties>
  <testcase name="shouldAnswerWithTrue" classname="com.gnete.springboot.demo.AppTest" time="0.002"/>
</testsuite>